<?xml version="1.0" encoding="UTF-8"?>
<coverage generated="1763404057774" clover="3.2.0">
  <project timestamp="1763404057774" name="All files">
    <metrics statements="196" coveredstatements="180" conditionals="131" coveredconditionals="111" methods="54" coveredmethods="53" elements="381" coveredelements="344" complexity="0" loc="196" ncloc="196" packages="4" files="21" classes="21"/>
    <package name="components">
      <metrics statements="125" coveredstatements="112" conditionals="83" coveredconditionals="66" methods="33" coveredmethods="32"/>
      <file name="ErrorMessage.css" path="C:\Users\Hasin\Desktop\typescript-app\src\components\ErrorMessage.css">
        <metrics statements="0" coveredstatements="0" conditionals="0" coveredconditionals="0" methods="0" coveredmethods="0"/>
      </file>
      <file name="ErrorMessage.tsx" path="C:\Users\Hasin\Desktop\typescript-app\src\components\ErrorMessage.tsx">
        <metrics statements="2" coveredstatements="2" conditionals="2" coveredconditionals="2" methods="1" coveredmethods="1"/>
        <line num="13" count="1" type="stmt"/>
        <line num="14" count="6" type="stmt"/>
      </file>
      <file name="ForecastCard.css" path="C:\Users\Hasin\Desktop\typescript-app\src\components\ForecastCard.css">
        <metrics statements="0" coveredstatements="0" conditionals="0" coveredconditionals="0" methods="0" coveredmethods="0"/>
      </file>
      <file name="ForecastCard.tsx" path="C:\Users\Hasin\Desktop\typescript-app\src\components\ForecastCard.tsx">
        <metrics statements="26" coveredstatements="26" conditionals="10" coveredconditionals="9" methods="5" coveredmethods="5"/>
        <line num="16" count="1" type="cond" truecount="1" falsecount="0"/>
        <line num="18" count="5" type="stmt"/>
        <line num="19" count="5" type="stmt"/>
        <line num="20" count="5" type="stmt"/>
        <line num="22" count="5" type="stmt"/>
        <line num="23" count="15" type="stmt"/>
        <line num="24" count="15" type="stmt"/>
        <line num="27" count="15" type="stmt"/>
        <line num="28" count="15" type="cond" truecount="4" falsecount="1"/>
        <line num="29" count="15" type="stmt"/>
        <line num="30" count="15" type="stmt"/>
        <line num="34" count="5" type="stmt"/>
        <line num="37" count="5" type="stmt"/>
        <line num="40" count="5" type="stmt"/>
        <line num="41" count="15" type="stmt"/>
        <line num="42" count="15" type="stmt"/>
        <line num="43" count="15" type="stmt"/>
        <line num="44" count="15" type="stmt"/>
        <line num="46" count="15" type="cond" truecount="2" falsecount="0"/>
        <line num="47" count="5" type="stmt"/>
        <line num="48" count="10" type="cond" truecount="2" falsecount="0"/>
        <line num="49" count="5" type="stmt"/>
        <line num="51" count="5" type="stmt"/>
        <line num="55" count="5" type="stmt"/>
        <line num="60" count="15" type="stmt"/>
        <line num="62" count="15" type="stmt"/>
      </file>
      <file name="HourlyForecast.css" path="C:\Users\Hasin\Desktop\typescript-app\src\components\HourlyForecast.css">
        <metrics statements="0" coveredstatements="0" conditionals="0" coveredconditionals="0" methods="0" coveredmethods="0"/>
      </file>
      <file name="HourlyForecast.tsx" path="C:\Users\Hasin\Desktop\typescript-app\src\components\HourlyForecast.tsx">
        <metrics statements="15" coveredstatements="12" conditionals="5" coveredconditionals="2" methods="4" coveredmethods="4"/>
        <line num="16" count="1" type="cond" truecount="1" falsecount="0"/>
        <line num="18" count="4" type="stmt"/>
        <line num="19" count="4" type="stmt"/>
        <line num="22" count="4" type="stmt"/>
        <line num="25" count="4" type="stmt"/>
        <line num="26" count="8" type="stmt"/>
        <line num="27" count="8" type="stmt"/>
        <line num="30" count="8" type="cond" truecount="1" falsecount="1"/>
        <line num="31" count="0" type="cond" truecount="0" falsecount="2"/>
        <line num="32" count="0" type="stmt"/>
        <line num="34" count="0" type="stmt"/>
        <line num="41" count="8" type="stmt"/>
        <line num="48" count="4" type="stmt"/>
        <line num="54" count="8" type="stmt"/>
        <line num="56" count="8" type="stmt"/>
      </file>
      <file name="Loading.css" path="C:\Users\Hasin\Desktop\typescript-app\src\components\Loading.css">
        <metrics statements="0" coveredstatements="0" conditionals="0" coveredconditionals="0" methods="0" coveredmethods="0"/>
      </file>
      <file name="Loading.tsx" path="C:\Users\Hasin\Desktop\typescript-app\src\components\Loading.tsx">
        <metrics statements="2" coveredstatements="2" conditionals="0" coveredconditionals="0" methods="1" coveredmethods="1"/>
        <line num="8" count="1" type="stmt"/>
        <line num="9" count="6" type="stmt"/>
      </file>
      <file name="SearchBar.css" path="C:\Users\Hasin\Desktop\typescript-app\src\components\SearchBar.css">
        <metrics statements="0" coveredstatements="0" conditionals="0" coveredconditionals="0" methods="0" coveredmethods="0"/>
      </file>
      <file name="SearchBar.tsx" path="C:\Users\Hasin\Desktop\typescript-app\src\components\SearchBar.tsx">
        <metrics statements="59" coveredstatements="51" conditionals="49" coveredconditionals="38" methods="15" coveredmethods="14"/>
        <line num="17" count="1" type="stmt"/>
        <line num="19" count="66" type="stmt"/>
        <line num="20" count="66" type="stmt"/>
        <line num="21" count="66" type="stmt"/>
        <line num="22" count="66" type="stmt"/>
        <line num="23" count="66" type="stmt"/>
        <line num="26" count="66" type="stmt"/>
        <line num="29" count="66" type="stmt"/>
        <line num="30" count="2" type="stmt"/>
        <line num="31" count="2" type="cond" truecount="1" falsecount="1"/>
        <line num="32" count="2" type="stmt"/>
        <line num="33" count="2" type="stmt"/>
        <line num="34" count="2" type="stmt"/>
        <line num="39" count="66" type="stmt"/>
        <line num="40" count="39" type="stmt"/>
        <line num="41" count="39" type="stmt"/>
        <line num="44" count="39" type="cond" truecount="2" falsecount="0"/>
        <line num="45" count="10" type="stmt"/>
        <line num="46" count="10" type="stmt"/>
        <line num="51" count="66" type="stmt"/>
        <line num="52" count="17" type="stmt"/>
        <line num="53" count="17" type="cond" truecount="2" falsecount="0"/>
        <line num="54" count="4" type="stmt"/>
        <line num="55" count="4" type="stmt"/>
        <line num="56" count="4" type="cond" truecount="1" falsecount="1"/>
        <line num="57" count="4" type="cond" truecount="1" falsecount="1"/>
        <line num="59" count="0" type="stmt"/>
        <line num="60" count="0" type="stmt"/>
        <line num="61" count="0" type="stmt"/>
        <line num="66" count="17" type="stmt"/>
        <line num="70" count="66" type="stmt"/>
        <line num="71" count="2" type="cond" truecount="2" falsecount="0"/>
        <line num="74" count="2" type="stmt"/>
        <line num="75" count="2" type="stmt"/>
        <line num="76" count="2" type="stmt"/>
        <line num="77" count="2" type="stmt"/>
        <line num="81" count="66" type="stmt"/>
        <line num="82" count="42" type="cond" truecount="4" falsecount="0"/>
        <line num="84" count="3" type="cond" truecount="2" falsecount="0"/>
        <line num="85" count="2" type="stmt"/>
        <line num="86" count="2" type="cond" truecount="1" falsecount="1"/>
        <line num="87" count="1" type="cond" truecount="1" falsecount="1"/>
        <line num="88" count="0" type="stmt"/>
        <line num="89" count="0" type="cond" truecount="0" falsecount="2"/>
        <line num="90" count="1" type="cond" truecount="3" falsecount="1"/>
        <line num="91" count="1" type="stmt"/>
        <line num="92" count="1" type="stmt"/>
        <line num="93" count="0" type="cond" truecount="0" falsecount="2"/>
        <line num="94" count="0" type="stmt"/>
        <line num="99" count="66" type="stmt"/>
        <line num="100" count="13" type="stmt"/>
        <line num="101" count="11" type="cond" truecount="3" falsecount="1"/>
        <line num="102" count="0" type="stmt"/>
        <line num="106" count="13" type="stmt"/>
        <line num="107" count="13" type="stmt"/>
        <line num="110" count="66" type="stmt"/>
        <line num="117" count="39" type="stmt"/>
        <line num="137" count="11" type="stmt"/>
        <line num="141" count="1" type="stmt"/>
      </file>
      <file name="TemperatureToggle.css" path="C:\Users\Hasin\Desktop\typescript-app\src\components\TemperatureToggle.css">
        <metrics statements="0" coveredstatements="0" conditionals="0" coveredconditionals="0" methods="0" coveredmethods="0"/>
      </file>
      <file name="TemperatureToggle.tsx" path="C:\Users\Hasin\Desktop\typescript-app\src\components\TemperatureToggle.tsx">
        <metrics statements="4" coveredstatements="4" conditionals="4" coveredconditionals="4" methods="3" coveredmethods="3"/>
        <line num="13" count="1" type="stmt"/>
        <line num="14" count="5" type="stmt"/>
        <line num="18" count="1" type="stmt"/>
        <line num="27" count="1" type="stmt"/>
      </file>
      <file name="WeatherAlert.css" path="C:\Users\Hasin\Desktop\typescript-app\src\components\WeatherAlert.css">
        <metrics statements="0" coveredstatements="0" conditionals="0" coveredconditionals="0" methods="0" coveredmethods="0"/>
      </file>
      <file name="WeatherAlert.tsx" path="C:\Users\Hasin\Desktop\typescript-app\src\components\WeatherAlert.tsx">
        <metrics statements="8" coveredstatements="6" conditionals="6" coveredconditionals="4" methods="2" coveredmethods="2"/>
        <line num="14" count="1" type="stmt"/>
        <line num="16" count="3" type="stmt"/>
        <line num="17" count="3" type="cond" truecount="2" falsecount="2"/>
        <line num="19" count="2" type="stmt"/>
        <line num="25" count="1" type="stmt"/>
        <line num="31" count="0" type="stmt"/>
        <line num="37" count="0" type="stmt"/>
        <line num="45" count="3" type="stmt"/>
      </file>
      <file name="WeatherCard.css" path="C:\Users\Hasin\Desktop\typescript-app\src\components\WeatherCard.css">
        <metrics statements="0" coveredstatements="0" conditionals="0" coveredconditionals="0" methods="0" coveredmethods="0"/>
      </file>
      <file name="WeatherCard.tsx" path="C:\Users\Hasin\Desktop\typescript-app\src\components\WeatherCard.tsx">
        <metrics statements="9" coveredstatements="9" conditionals="7" coveredconditionals="7" methods="2" coveredmethods="2"/>
        <line num="24" count="1" type="cond" truecount="1" falsecount="0"/>
        <line num="26" count="14" type="stmt"/>
        <line num="29" count="14" type="stmt"/>
        <line num="36" count="14" type="stmt"/>
        <line num="37" count="14" type="stmt"/>
        <line num="38" count="14" type="cond" truecount="2" falsecount="0"/>
        <line num="39" count="14" type="cond" truecount="2" falsecount="0"/>
        <line num="40" count="14" type="stmt"/>
        <line num="43" count="14" type="stmt"/>
      </file>
    </package>
    <package name="hooks">
      <metrics statements="9" coveredstatements="9" conditionals="4" coveredconditionals="4" methods="3" coveredmethods="3"/>
      <file name="useTemperatureUnit.ts" path="C:\Users\Hasin\Desktop\typescript-app\src\hooks\useTemperatureUnit.ts">
        <metrics statements="9" coveredstatements="9" conditionals="4" coveredconditionals="4" methods="3" coveredmethods="3"/>
        <line num="10" count="1" type="stmt"/>
        <line num="12" count="7" type="stmt"/>
        <line num="13" count="7" type="stmt"/>
        <line num="14" count="7" type="cond" truecount="4" falsecount="0"/>
        <line num="17" count="7" type="stmt"/>
        <line num="20" count="7" type="stmt"/>
        <line num="21" count="3" type="stmt"/>
        <line num="22" count="3" type="stmt"/>
        <line num="25" count="7" type="stmt"/>
      </file>
    </package>
    <package name="types">
      <metrics statements="6" coveredstatements="6" conditionals="1" coveredconditionals="1" methods="1" coveredmethods="1"/>
      <file name="weather.ts" path="C:\Users\Hasin\Desktop\typescript-app\src\types\weather.ts">
        <metrics statements="6" coveredstatements="6" conditionals="1" coveredconditionals="1" methods="1" coveredmethods="1"/>
        <line num="77" count="1" type="stmt"/>
        <line num="99" count="6" type="stmt"/>
        <line num="100" count="6" type="stmt"/>
        <line num="101" count="6" type="stmt"/>
        <line num="102" count="6" type="stmt"/>
        <line num="103" count="6" type="stmt"/>
      </file>
    </package>
    <package name="utils">
      <metrics statements="56" coveredstatements="53" conditionals="43" coveredconditionals="40" methods="17" coveredmethods="17"/>
      <file name="errorUtils.ts" path="C:\Users\Hasin\Desktop\typescript-app\src\utils\errorUtils.ts">
        <metrics statements="14" coveredstatements="14" conditionals="10" coveredconditionals="10" methods="4" coveredmethods="4"/>
        <line num="12" count="5" type="cond" truecount="2" falsecount="0"/>
        <line num="13" count="1" type="stmt"/>
        <line num="16" count="4" type="cond" truecount="2" falsecount="0"/>
        <line num="17" count="1" type="stmt"/>
        <line num="20" count="3" type="stmt"/>
        <line num="27" count="4" type="cond" truecount="2" falsecount="0"/>
        <line num="28" count="2" type="stmt"/>
        <line num="30" count="2" type="stmt"/>
        <line num="37" count="3" type="cond" truecount="2" falsecount="0"/>
        <line num="38" count="1" type="stmt"/>
        <line num="40" count="2" type="stmt"/>
        <line num="47" count="4" type="cond" truecount="2" falsecount="0"/>
        <line num="48" count="2" type="stmt"/>
        <line num="50" count="2" type="stmt"/>
      </file>
      <file name="helpers.ts" path="C:\Users\Hasin\Desktop\typescript-app\src\utils\helpers.ts">
        <metrics statements="35" coveredstatements="32" conditionals="32" coveredconditionals="29" methods="9" coveredmethods="9"/>
        <line num="7" count="4" type="stmt"/>
        <line num="8" count="29" type="stmt"/>
        <line num="9" count="29" type="stmt"/>
        <line num="17" count="4" type="stmt"/>
        <line num="18" count="14" type="stmt"/>
        <line num="22" count="4" type="cond" truecount="1" falsecount="0"/>
        <line num="23" count="83" type="cond" truecount="2" falsecount="0"/>
        <line num="24" count="83" type="stmt"/>
        <line num="28" count="4" type="stmt"/>
        <line num="29" count="44" type="stmt"/>
        <line num="31" count="82" type="stmt"/>
        <line num="36" count="4" type="stmt"/>
        <line num="37" count="17" type="stmt"/>
        <line num="41" count="4" type="stmt"/>
        <line num="42" count="20" type="stmt"/>
        <line num="43" count="20" type="stmt"/>
        <line num="44" count="20" type="stmt"/>
        <line num="48" count="4" type="stmt"/>
        <line num="51" count="28" type="stmt"/>
        <line num="61" count="4" type="stmt"/>
        <line num="66" count="20" type="cond" truecount="2" falsecount="0"/>
        <line num="67" count="4" type="cond" truecount="4" falsecount="0"/>
        <line num="68" count="3" type="stmt"/>
        <line num="70" count="1" type="cond" truecount="1" falsecount="1"/>
        <line num="71" count="1" type="stmt"/>
        <line num="73" count="0" type="cond" truecount="0" falsecount="2"/>
        <line num="74" count="0" type="stmt"/>
        <line num="76" count="0" type="stmt"/>
        <line num="80" count="16" type="cond" truecount="2" falsecount="0"/>
        <line num="81" count="2" type="stmt"/>
        <line num="85" count="14" type="cond" truecount="2" falsecount="0"/>
        <line num="86" count="1" type="stmt"/>
        <line num="90" count="13" type="cond" truecount="6" falsecount="0"/>
        <line num="91" count="1" type="stmt"/>
        <line num="94" count="12" type="stmt"/>
      </file>
      <file name="useDebounce.ts" path="C:\Users\Hasin\Desktop\typescript-app\src\utils\useDebounce.ts">
        <metrics statements="7" coveredstatements="7" conditionals="1" coveredconditionals="1" methods="4" coveredmethods="4"/>
        <line num="9" count="81" type="stmt"/>
        <line num="11" count="81" type="stmt"/>
        <line num="13" count="65" type="stmt"/>
        <line num="14" count="8" type="stmt"/>
        <line num="18" count="65" type="stmt"/>
        <line num="19" count="65" type="stmt"/>
        <line num="23" count="81" type="stmt"/>
      </file>
    </package>
  </project>
</coverage>
