{"C:\\Users\\Hasin\\Desktop\\typescript-app\\src\\components\\ErrorMessage.css": {"path":"C:\\Users\\Hasin\\Desktop\\typescript-app\\src\\components\\ErrorMessage.css","statementMap":{},"fnMap":{},"branchMap":{},"s":{},"f":{},"b":{},"meta":{"lastBranch":0,"lastFunction":0,"lastStatement":0,"seen":{}}}
,"C:\\Users\\Hasin\\Desktop\\typescript-app\\src\\components\\ErrorMessage.tsx": {"path":"C:\\Users\\Hasin\\Desktop\\typescript-app\\src\\components\\ErrorMessage.tsx","statementMap":{"0":{"start":{"line":13,"column":21},"end":{"line":28,"column":null}},"1":{"start":{"line":14,"column":2},"end":{"line":26,"column":null}}},"fnMap":{"0":{"name":"(anonymous_0)","decl":{"start":{"line":13,"column":21},"end":{"line":13,"column":22}},"loc":{"start":{"line":13,"column":66},"end":{"line":28,"column":null}},"line":13}},"branchMap":{"0":{"loc":{"start":{"line":21,"column":7},"end":{"line":24,"column":null}},"type":"binary-expr","locations":[{"start":{"line":21,"column":7},"end":{"line":21,"column":null}},{"start":{"line":22,"column":8},"end":{"line":24,"column":null}}],"line":21}},"s":{"0":1,"1":6},"f":{"0":6},"b":{"0":[6,2]},"meta":{"lastBranch":1,"lastFunction":1,"lastStatement":2,"seen":{"s:13:21:28:Infinity":0,"f:13:21:13:22":0,"s:14:2:26:Infinity":1,"b:21:7:21:Infinity:22:8:24:Infinity":0}}}
,"C:\\Users\\Hasin\\Desktop\\typescript-app\\src\\components\\ForecastCard.css": {"path":"C:\\Users\\Hasin\\Desktop\\typescript-app\\src\\components\\ForecastCard.css","statementMap":{},"fnMap":{},"branchMap":{},"s":{},"f":{},"b":{},"meta":{"lastBranch":0,"lastFunction":0,"lastStatement":0,"seen":{}}}
,"C:\\Users\\Hasin\\Desktop\\typescript-app\\src\\components\\ForecastCard.tsx": {"path":"C:\\Users\\Hasin\\Desktop\\typescript-app\\src\\components\\ForecastCard.tsx","statementMap":{"0":{"start":{"line":16,"column":21},"end":{"line":101,"column":null}},"1":{"start":{"line":18,"column":28},"end":{"line":35,"column":null}},"2":{"start":{"line":19,"column":38},"end":{"line":19,"column":null}},"3":{"start":{"line":20,"column":27},"end":{"line":20,"column":null}},"4":{"start":{"line":22,"column":4},"end":{"line":32,"column":null}},"5":{"start":{"line":23,"column":19},"end":{"line":23,"column":null}},"6":{"start":{"line":24,"column":25},"end":{"line":24,"column":null}},"7":{"start":{"line":27,"column":19},"end":{"line":27,"column":null}},"8":{"start":{"line":28,"column":6},"end":{"line":31,"column":null}},"9":{"start":{"line":29,"column":8},"end":{"line":29,"column":null}},"10":{"start":{"line":30,"column":8},"end":{"line":30,"column":null}},"11":{"start":{"line":34,"column":4},"end":{"line":34,"column":null}},"12":{"start":{"line":37,"column":25},"end":{"line":37,"column":null}},"13":{"start":{"line":40,"column":20},"end":{"line":53,"column":null}},"14":{"start":{"line":41,"column":17},"end":{"line":41,"column":null}},"15":{"start":{"line":42,"column":18},"end":{"line":42,"column":null}},"16":{"start":{"line":43,"column":21},"end":{"line":43,"column":null}},"17":{"start":{"line":44,"column":4},"end":{"line":44,"column":null}},"18":{"start":{"line":46,"column":4},"end":{"line":52,"column":null}},"19":{"start":{"line":47,"column":6},"end":{"line":47,"column":null}},"20":{"start":{"line":48,"column":4},"end":{"line":52,"column":null}},"21":{"start":{"line":49,"column":6},"end":{"line":49,"column":null}},"22":{"start":{"line":51,"column":6},"end":{"line":51,"column":null}},"23":{"start":{"line":55,"column":2},"end":{"line":99,"column":null}},"24":{"start":{"line":60,"column":26},"end":{"line":60,"column":null}},"25":{"start":{"line":62,"column":10},"end":{"line":95,"column":null}}},"fnMap":{"0":{"name":"(anonymous_0)","decl":{"start":{"line":16,"column":21},"end":{"line":16,"column":22}},"loc":{"start":{"line":16,"column":74},"end":{"line":101,"column":null}},"line":16},"1":{"name":"(anonymous_1)","decl":{"start":{"line":18,"column":28},"end":{"line":18,"column":50}},"loc":{"start":{"line":18,"column":50},"end":{"line":35,"column":null}},"line":18},"2":{"name":"(anonymous_2)","decl":{"start":{"line":22,"column":26},"end":{"line":22,"column":27}},"loc":{"start":{"line":22,"column":50},"end":{"line":32,"column":5}},"line":22},"3":{"name":"(anonymous_3)","decl":{"start":{"line":40,"column":20},"end":{"line":40,"column":21}},"loc":{"start":{"line":40,"column":43},"end":{"line":53,"column":null}},"line":40},"4":{"name":"(anonymous_4)","decl":{"start":{"line":59,"column":28},"end":{"line":59,"column":29}},"loc":{"start":{"line":59,"column":44},"end":{"line":97,"column":9}},"line":59}},"branchMap":{"0":{"loc":{"start":{"line":16,"column":34},"end":{"line":16,"column":49}},"type":"default-arg","locations":[{"start":{"line":16,"column":45},"end":{"line":16,"column":49}}],"line":16},"1":{"loc":{"start":{"line":28,"column":6},"end":{"line":31,"column":null}},"type":"if","locations":[{"start":{"line":28,"column":6},"end":{"line":31,"column":null}},{"start":{},"end":{}}],"line":28},"2":{"loc":{"start":{"line":28,"column":10},"end":{"line":28,"column":73}},"type":"binary-expr","locations":[{"start":{"line":28,"column":10},"end":{"line":28,"column":46}},{"start":{"line":28,"column":46},"end":{"line":28,"column":60}},{"start":{"line":28,"column":60},"end":{"line":28,"column":73}}],"line":28},"3":{"loc":{"start":{"line":46,"column":4},"end":{"line":52,"column":null}},"type":"if","locations":[{"start":{"line":46,"column":4},"end":{"line":52,"column":null}},{"start":{"line":48,"column":4},"end":{"line":52,"column":null}}],"line":46},"4":{"loc":{"start":{"line":48,"column":4},"end":{"line":52,"column":null}},"type":"if","locations":[{"start":{"line":48,"column":4},"end":{"line":52,"column":null}},{"start":{"line":50,"column":11},"end":{"line":52,"column":null}}],"line":48}},"s":{"0":1,"1":5,"2":5,"3":5,"4":5,"5":15,"6":15,"7":15,"8":15,"9":15,"10":15,"11":5,"12":5,"13":5,"14":15,"15":15,"16":15,"17":15,"18":15,"19":5,"20":10,"21":5,"22":5,"23":5,"24":15,"25":15},"f":{"0":5,"1":5,"2":15,"3":15,"4":15},"b":{"0":[5],"1":[15,0],"2":[15,15,15],"3":[5,10],"4":[5,5]},"meta":{"lastBranch":5,"lastFunction":5,"lastStatement":26,"seen":{"s:16:21:101:Infinity":0,"f:16:21:16:22":0,"b:16:45:16:49":0,"s:18:28:35:Infinity":1,"f:18:28:18:50":1,"s:19:38:19:Infinity":2,"s:20:27:20:Infinity":3,"s:22:4:32:Infinity":4,"f:22:26:22:27":2,"s:23:19:23:Infinity":5,"s:24:25:24:Infinity":6,"s:27:19:27:Infinity":7,"b:28:6:31:Infinity:undefined:undefined:undefined:undefined":1,"s:28:6:31:Infinity":8,"b:28:10:28:46:28:46:28:60:28:60:28:73":2,"s:29:8:29:Infinity":9,"s:30:8:30:Infinity":10,"s:34:4:34:Infinity":11,"s:37:25:37:Infinity":12,"s:40:20:53:Infinity":13,"f:40:20:40:21":3,"s:41:17:41:Infinity":14,"s:42:18:42:Infinity":15,"s:43:21:43:Infinity":16,"s:44:4:44:Infinity":17,"b:46:4:52:Infinity:48:4:52:Infinity":3,"s:46:4:52:Infinity":18,"s:47:6:47:Infinity":19,"b:48:4:52:Infinity:50:11:52:Infinity":4,"s:48:4:52:Infinity":20,"s:49:6:49:Infinity":21,"s:51:6:51:Infinity":22,"s:55:2:99:Infinity":23,"f:59:28:59:29":4,"s:60:26:60:Infinity":24,"s:62:10:95:Infinity":25}}}
,"C:\\Users\\Hasin\\Desktop\\typescript-app\\src\\components\\HourlyForecast.css": {"path":"C:\\Users\\Hasin\\Desktop\\typescript-app\\src\\components\\HourlyForecast.css","statementMap":{},"fnMap":{},"branchMap":{},"s":{},"f":{},"b":{},"meta":{"lastBranch":0,"lastFunction":0,"lastStatement":0,"seen":{}}}
,"C:\\Users\\Hasin\\Desktop\\typescript-app\\src\\components\\HourlyForecast.tsx": {"path":"C:\\Users\\Hasin\\Desktop\\typescript-app\\src\\components\\HourlyForecast.tsx","statementMap":{"0":{"start":{"line":16,"column":23},"end":{"line":96,"column":null}},"1":{"start":{"line":18,"column":29},"end":{"line":20,"column":null}},"2":{"start":{"line":19,"column":4},"end":{"line":19,"column":null}},"3":{"start":{"line":22,"column":37},"end":{"line":22,"column":null}},"4":{"start":{"line":25,"column":21},"end":{"line":46,"column":null}},"5":{"start":{"line":26,"column":17},"end":{"line":26,"column":null}},"6":{"start":{"line":27,"column":16},"end":{"line":27,"column":null}},"7":{"start":{"line":30,"column":4},"end":{"line":38,"column":null}},"8":{"start":{"line":31,"column":6},"end":{"line":33,"column":null}},"9":{"start":{"line":32,"column":8},"end":{"line":32,"column":null}},"10":{"start":{"line":34,"column":6},"end":{"line":37,"column":null}},"11":{"start":{"line":41,"column":4},"end":{"line":45,"column":null}},"12":{"start":{"line":48,"column":2},"end":{"line":94,"column":null}},"13":{"start":{"line":54,"column":28},"end":{"line":54,"column":null}},"14":{"start":{"line":56,"column":12},"end":{"line":89,"column":null}}},"fnMap":{"0":{"name":"(anonymous_0)","decl":{"start":{"line":16,"column":23},"end":{"line":16,"column":24}},"loc":{"start":{"line":16,"column":78},"end":{"line":96,"column":null}},"line":16},"1":{"name":"(anonymous_1)","decl":{"start":{"line":18,"column":29},"end":{"line":18,"column":51}},"loc":{"start":{"line":18,"column":51},"end":{"line":20,"column":null}},"line":18},"2":{"name":"(anonymous_2)","decl":{"start":{"line":25,"column":21},"end":{"line":25,"column":22}},"loc":{"start":{"line":25,"column":44},"end":{"line":46,"column":null}},"line":25},"3":{"name":"(anonymous_3)","decl":{"start":{"line":53,"column":26},"end":{"line":53,"column":27}},"loc":{"start":{"line":53,"column":65},"end":{"line":91,"column":11}},"line":53}},"branchMap":{"0":{"loc":{"start":{"line":16,"column":36},"end":{"line":16,"column":51}},"type":"default-arg","locations":[{"start":{"line":16,"column":47},"end":{"line":16,"column":51}}],"line":16},"1":{"loc":{"start":{"line":30,"column":4},"end":{"line":38,"column":null}},"type":"if","locations":[{"start":{"line":30,"column":4},"end":{"line":38,"column":null}},{"start":{},"end":{}}],"line":30},"2":{"loc":{"start":{"line":31,"column":6},"end":{"line":33,"column":null}},"type":"if","locations":[{"start":{"line":31,"column":6},"end":{"line":33,"column":null}},{"start":{},"end":{}}],"line":31}},"s":{"0":1,"1":4,"2":4,"3":4,"4":4,"5":8,"6":8,"7":8,"8":0,"9":0,"10":0,"11":8,"12":4,"13":8,"14":8},"f":{"0":4,"1":4,"2":8,"3":8},"b":{"0":[4],"1":[0,8],"2":[0,0]},"meta":{"lastBranch":3,"lastFunction":4,"lastStatement":15,"seen":{"s:16:23:96:Infinity":0,"f:16:23:16:24":0,"b:16:47:16:51":0,"s:18:29:20:Infinity":1,"f:18:29:18:51":1,"s:19:4:19:Infinity":2,"s:22:37:22:Infinity":3,"s:25:21:46:Infinity":4,"f:25:21:25:22":2,"s:26:17:26:Infinity":5,"s:27:16:27:Infinity":6,"b:30:4:38:Infinity:undefined:undefined:undefined:undefined":1,"s:30:4:38:Infinity":7,"b:31:6:33:Infinity:undefined:undefined:undefined:undefined":2,"s:31:6:33:Infinity":8,"s:32:8:32:Infinity":9,"s:34:6:37:Infinity":10,"s:41:4:45:Infinity":11,"s:48:2:94:Infinity":12,"f:53:26:53:27":3,"s:54:28:54:Infinity":13,"s:56:12:89:Infinity":14}}}
,"C:\\Users\\Hasin\\Desktop\\typescript-app\\src\\components\\Loading.css": {"path":"C:\\Users\\Hasin\\Desktop\\typescript-app\\src\\components\\Loading.css","statementMap":{},"fnMap":{},"branchMap":{},"s":{},"f":{},"b":{},"meta":{"lastBranch":0,"lastFunction":0,"lastStatement":0,"seen":{}}}
,"C:\\Users\\Hasin\\Desktop\\typescript-app\\src\\components\\Loading.tsx": {"path":"C:\\Users\\Hasin\\Desktop\\typescript-app\\src\\components\\Loading.tsx","statementMap":{"0":{"start":{"line":8,"column":16},"end":{"line":16,"column":null}},"1":{"start":{"line":9,"column":2},"end":{"line":14,"column":null}}},"fnMap":{"0":{"name":"(anonymous_0)","decl":{"start":{"line":8,"column":16},"end":{"line":8,"column":22}},"loc":{"start":{"line":8,"column":22},"end":{"line":16,"column":null}},"line":8}},"branchMap":{},"s":{"0":1,"1":6},"f":{"0":6},"b":{},"meta":{"lastBranch":0,"lastFunction":1,"lastStatement":2,"seen":{"s:8:16:16:Infinity":0,"f:8:16:8:22":0,"s:9:2:14:Infinity":1}}}
,"C:\\Users\\Hasin\\Desktop\\typescript-app\\src\\components\\SearchBar.css": {"path":"C:\\Users\\Hasin\\Desktop\\typescript-app\\src\\components\\SearchBar.css","statementMap":{},"fnMap":{},"branchMap":{},"s":{},"f":{},"b":{},"meta":{"lastBranch":0,"lastFunction":0,"lastStatement":0,"seen":{}}}
,"C:\\Users\\Hasin\\Desktop\\typescript-app\\src\\components\\SearchBar.tsx": {"path":"C:\\Users\\Hasin\\Desktop\\typescript-app\\src\\components\\SearchBar.tsx","statementMap":{"0":{"start":{"line":17,"column":18},"end":{"line":166,"column":null}},"1":{"start":{"line":19,"column":22},"end":{"line":19,"column":null}},"2":{"start":{"line":20,"column":36},"end":{"line":20,"column":null}},"3":{"start":{"line":21,"column":44},"end":{"line":21,"column":null}},"4":{"start":{"line":22,"column":40},"end":{"line":22,"column":null}},"5":{"start":{"line":23,"column":8},"end":{"line":23,"column":null}},"6":{"start":{"line":26,"column":8},"end":{"line":26,"column":null}},"7":{"start":{"line":29,"column":23},"end":{"line":36,"column":null}},"8":{"start":{"line":30,"column":4},"end":{"line":30,"column":null}},"9":{"start":{"line":31,"column":4},"end":{"line":35,"column":null}},"10":{"start":{"line":32,"column":6},"end":{"line":32,"column":null}},"11":{"start":{"line":33,"column":6},"end":{"line":33,"column":null}},"12":{"start":{"line":34,"column":6},"end":{"line":34,"column":null}},"13":{"start":{"line":39,"column":28},"end":{"line":48,"column":null}},"14":{"start":{"line":40,"column":4},"end":{"line":40,"column":null}},"15":{"start":{"line":41,"column":4},"end":{"line":41,"column":null}},"16":{"start":{"line":44,"column":4},"end":{"line":47,"column":null}},"17":{"start":{"line":45,"column":6},"end":{"line":45,"column":null}},"18":{"start":{"line":46,"column":6},"end":{"line":46,"column":null}},"19":{"start":{"line":51,"column":2},"end":{"line":67,"column":null}},"20":{"start":{"line":52,"column":29},"end":{"line":64,"column":null}},"21":{"start":{"line":53,"column":6},"end":{"line":63,"column":null}},"22":{"start":{"line":54,"column":8},"end":{"line":62,"column":null}},"23":{"start":{"line":55,"column":26},"end":{"line":55,"column":null}},"24":{"start":{"line":56,"column":10},"end":{"line":56,"column":null}},"25":{"start":{"line":57,"column":10},"end":{"line":57,"column":null}},"26":{"start":{"line":59,"column":10},"end":{"line":59,"column":null}},"27":{"start":{"line":60,"column":10},"end":{"line":60,"column":null}},"28":{"start":{"line":61,"column":10},"end":{"line":61,"column":null}},"29":{"start":{"line":66,"column":4},"end":{"line":66,"column":null}},"30":{"start":{"line":70,"column":32},"end":{"line":78,"column":null}},"31":{"start":{"line":71,"column":21},"end":{"line":73,"column":null}},"32":{"start":{"line":74,"column":4},"end":{"line":74,"column":null}},"33":{"start":{"line":75,"column":4},"end":{"line":75,"column":null}},"34":{"start":{"line":76,"column":4},"end":{"line":76,"column":null}},"35":{"start":{"line":77,"column":4},"end":{"line":77,"column":null}},"36":{"start":{"line":81,"column":24},"end":{"line":96,"column":null}},"37":{"start":{"line":82,"column":4},"end":{"line":82,"column":null}},"38":{"start":{"line":82,"column":54},"end":{"line":82,"column":null}},"39":{"start":{"line":84,"column":4},"end":{"line":95,"column":null}},"40":{"start":{"line":85,"column":6},"end":{"line":85,"column":null}},"41":{"start":{"line":86,"column":6},"end":{"line":86,"column":null}},"42":{"start":{"line":86,"column":34},"end":{"line":86,"column":82}},"43":{"start":{"line":87,"column":4},"end":{"line":95,"column":null}},"44":{"start":{"line":88,"column":6},"end":{"line":88,"column":null}},"45":{"start":{"line":89,"column":6},"end":{"line":89,"column":null}},"46":{"start":{"line":89,"column":34},"end":{"line":89,"column":59}},"47":{"start":{"line":90,"column":4},"end":{"line":95,"column":null}},"48":{"start":{"line":91,"column":6},"end":{"line":91,"column":null}},"49":{"start":{"line":92,"column":6},"end":{"line":92,"column":null}},"50":{"start":{"line":93,"column":4},"end":{"line":95,"column":null}},"51":{"start":{"line":94,"column":6},"end":{"line":94,"column":null}},"52":{"start":{"line":99,"column":2},"end":{"line":108,"column":null}},"53":{"start":{"line":100,"column":31},"end":{"line":104,"column":null}},"54":{"start":{"line":101,"column":6},"end":{"line":103,"column":null}},"55":{"start":{"line":102,"column":8},"end":{"line":102,"column":null}},"56":{"start":{"line":106,"column":4},"end":{"line":106,"column":null}},"57":{"start":{"line":107,"column":4},"end":{"line":107,"column":null}},"58":{"start":{"line":107,"column":17},"end":{"line":107,"column":null}},"59":{"start":{"line":110,"column":2},"end":{"line":164,"column":null}},"60":{"start":{"line":117,"column":29},"end":{"line":117,"column":null}},"61":{"start":{"line":137,"column":16},"end":{"line":150,"column":null}},"62":{"start":{"line":141,"column":33},"end":{"line":141,"column":null}}},"fnMap":{"0":{"name":"(anonymous_0)","decl":{"start":{"line":17,"column":18},"end":{"line":17,"column":19}},"loc":{"start":{"line":17,"column":63},"end":{"line":166,"column":null}},"line":17},"1":{"name":"(anonymous_1)","decl":{"start":{"line":29,"column":23},"end":{"line":29,"column":24}},"loc":{"start":{"line":29,"column":58},"end":{"line":36,"column":null}},"line":29},"2":{"name":"(anonymous_2)","decl":{"start":{"line":39,"column":28},"end":{"line":39,"column":29}},"loc":{"start":{"line":39,"column":47},"end":{"line":48,"column":null}},"line":39},"3":{"name":"(anonymous_3)","decl":{"start":{"line":51,"column":12},"end":{"line":51,"column":18}},"loc":{"start":{"line":51,"column":18},"end":{"line":67,"column":5}},"line":51},"4":{"name":"(anonymous_4)","decl":{"start":{"line":52,"column":29},"end":{"line":52,"column":41}},"loc":{"start":{"line":52,"column":41},"end":{"line":64,"column":null}},"line":52},"5":{"name":"(anonymous_5)","decl":{"start":{"line":70,"column":32},"end":{"line":70,"column":33}},"loc":{"start":{"line":70,"column":61},"end":{"line":78,"column":null}},"line":70},"6":{"name":"(anonymous_6)","decl":{"start":{"line":81,"column":24},"end":{"line":81,"column":25}},"loc":{"start":{"line":81,"column":70},"end":{"line":96,"column":null}},"line":81},"7":{"name":"(anonymous_7)","decl":{"start":{"line":86,"column":23},"end":{"line":86,"column":24}},"loc":{"start":{"line":86,"column":34},"end":{"line":86,"column":82}},"line":86},"8":{"name":"(anonymous_8)","decl":{"start":{"line":89,"column":23},"end":{"line":89,"column":24}},"loc":{"start":{"line":89,"column":34},"end":{"line":89,"column":59}},"line":89},"9":{"name":"(anonymous_9)","decl":{"start":{"line":99,"column":12},"end":{"line":99,"column":18}},"loc":{"start":{"line":99,"column":18},"end":{"line":108,"column":5}},"line":99},"10":{"name":"(anonymous_10)","decl":{"start":{"line":100,"column":31},"end":{"line":100,"column":32}},"loc":{"start":{"line":100,"column":54},"end":{"line":104,"column":null}},"line":100},"11":{"name":"(anonymous_11)","decl":{"start":{"line":107,"column":11},"end":{"line":107,"column":17}},"loc":{"start":{"line":107,"column":17},"end":{"line":107,"column":null}},"line":107},"12":{"name":"(anonymous_12)","decl":{"start":{"line":117,"column":22},"end":{"line":117,"column":23}},"loc":{"start":{"line":117,"column":29},"end":{"line":117,"column":null}},"line":117},"13":{"name":"(anonymous_13)","decl":{"start":{"line":136,"column":31},"end":{"line":136,"column":32}},"loc":{"start":{"line":137,"column":16},"end":{"line":150,"column":null}},"line":137},"14":{"name":"(anonymous_14)","decl":{"start":{"line":141,"column":27},"end":{"line":141,"column":33}},"loc":{"start":{"line":141,"column":33},"end":{"line":141,"column":null}},"line":141}},"branchMap":{"0":{"loc":{"start":{"line":31,"column":4},"end":{"line":35,"column":null}},"type":"if","locations":[{"start":{"line":31,"column":4},"end":{"line":35,"column":null}},{"start":{},"end":{}}],"line":31},"1":{"loc":{"start":{"line":44,"column":4},"end":{"line":47,"column":null}},"type":"if","locations":[{"start":{"line":44,"column":4},"end":{"line":47,"column":null}},{"start":{},"end":{}}],"line":44},"2":{"loc":{"start":{"line":53,"column":6},"end":{"line":63,"column":null}},"type":"if","locations":[{"start":{"line":53,"column":6},"end":{"line":63,"column":null}},{"start":{},"end":{}}],"line":53},"3":{"loc":{"start":{"line":56,"column":25},"end":{"line":56,"column":38}},"type":"binary-expr","locations":[{"start":{"line":56,"column":25},"end":{"line":56,"column":36}},{"start":{"line":56,"column":36},"end":{"line":56,"column":38}}],"line":56},"4":{"loc":{"start":{"line":57,"column":30},"end":{"line":57,"column":45}},"type":"binary-expr","locations":[{"start":{"line":57,"column":30},"end":{"line":57,"column":41}},{"start":{"line":57,"column":41},"end":{"line":57,"column":45}}],"line":57},"5":{"loc":{"start":{"line":71,"column":21},"end":{"line":73,"column":null}},"type":"cond-expr","locations":[{"start":{"line":72,"column":8},"end":{"line":72,"column":null}},{"start":{"line":73,"column":8},"end":{"line":73,"column":null}}],"line":71},"6":{"loc":{"start":{"line":82,"column":4},"end":{"line":82,"column":null}},"type":"if","locations":[{"start":{"line":82,"column":4},"end":{"line":82,"column":null}},{"start":{},"end":{}}],"line":82},"7":{"loc":{"start":{"line":82,"column":8},"end":{"line":82,"column":54}},"type":"binary-expr","locations":[{"start":{"line":82,"column":8},"end":{"line":82,"column":28}},{"start":{"line":82,"column":28},"end":{"line":82,"column":54}}],"line":82},"8":{"loc":{"start":{"line":84,"column":4},"end":{"line":95,"column":null}},"type":"if","locations":[{"start":{"line":84,"column":4},"end":{"line":95,"column":null}},{"start":{"line":87,"column":4},"end":{"line":95,"column":null}}],"line":84},"9":{"loc":{"start":{"line":86,"column":34},"end":{"line":86,"column":82}},"type":"cond-expr","locations":[{"start":{"line":86,"column":66},"end":{"line":86,"column":77}},{"start":{"line":86,"column":77},"end":{"line":86,"column":82}}],"line":86},"10":{"loc":{"start":{"line":87,"column":4},"end":{"line":95,"column":null}},"type":"if","locations":[{"start":{"line":87,"column":4},"end":{"line":95,"column":null}},{"start":{"line":90,"column":4},"end":{"line":95,"column":null}}],"line":87},"11":{"loc":{"start":{"line":89,"column":34},"end":{"line":89,"column":59}},"type":"cond-expr","locations":[{"start":{"line":89,"column":45},"end":{"line":89,"column":56}},{"start":{"line":89,"column":56},"end":{"line":89,"column":59}}],"line":89},"12":{"loc":{"start":{"line":90,"column":4},"end":{"line":95,"column":null}},"type":"if","locations":[{"start":{"line":90,"column":4},"end":{"line":95,"column":null}},{"start":{"line":93,"column":4},"end":{"line":95,"column":null}}],"line":90},"13":{"loc":{"start":{"line":90,"column":15},"end":{"line":90,"column":56}},"type":"binary-expr","locations":[{"start":{"line":90,"column":15},"end":{"line":90,"column":36}},{"start":{"line":90,"column":36},"end":{"line":90,"column":56}}],"line":90},"14":{"loc":{"start":{"line":93,"column":4},"end":{"line":95,"column":null}},"type":"if","locations":[{"start":{"line":93,"column":4},"end":{"line":95,"column":null}},{"start":{},"end":{}}],"line":93},"15":{"loc":{"start":{"line":101,"column":6},"end":{"line":103,"column":null}},"type":"if","locations":[{"start":{"line":101,"column":6},"end":{"line":103,"column":null}},{"start":{},"end":{}}],"line":101},"16":{"loc":{"start":{"line":101,"column":10},"end":{"line":101,"column":82}},"type":"binary-expr","locations":[{"start":{"line":101,"column":10},"end":{"line":101,"column":31}},{"start":{"line":101,"column":31},"end":{"line":101,"column":82}}],"line":101},"17":{"loc":{"start":{"line":125,"column":27},"end":{"line":125,"column":null}},"type":"cond-expr","locations":[{"start":{"line":125,"column":45},"end":{"line":125,"column":66}},{"start":{"line":125,"column":66},"end":{"line":125,"column":null}}],"line":125},"18":{"loc":{"start":{"line":127,"column":35},"end":{"line":127,"column":null}},"type":"cond-expr","locations":[{"start":{"line":127,"column":56},"end":{"line":127,"column":88}},{"start":{"line":127,"column":88},"end":{"line":127,"column":null}}],"line":127},"19":{"loc":{"start":{"line":129,"column":11},"end":{"line":152,"column":null}},"type":"binary-expr","locations":[{"start":{"line":129,"column":11},"end":{"line":129,"column":30}},{"start":{"line":129,"column":30},"end":{"line":129,"column":null}},{"start":{"line":130,"column":12},"end":{"line":152,"column":null}}],"line":129},"20":{"loc":{"start":{"line":140,"column":48},"end":{"line":140,"column":89}},"type":"cond-expr","locations":[{"start":{"line":140,"column":74},"end":{"line":140,"column":87}},{"start":{"line":140,"column":87},"end":{"line":140,"column":89}}],"line":140},"21":{"loc":{"start":{"line":147,"column":21},"end":{"line":147,"column":null}},"type":"cond-expr","locations":[{"start":{"line":147,"column":40},"end":{"line":147,"column":66}},{"start":{"line":147,"column":66},"end":{"line":147,"column":null}}],"line":147},"22":{"loc":{"start":{"line":157,"column":20},"end":{"line":157,"column":null}},"type":"binary-expr","locations":[{"start":{"line":157,"column":20},"end":{"line":157,"column":33}},{"start":{"line":157,"column":33},"end":{"line":157,"column":null}}],"line":157},"23":{"loc":{"start":{"line":161,"column":11},"end":{"line":161,"column":null}},"type":"cond-expr","locations":[{"start":{"line":161,"column":23},"end":{"line":161,"column":40}},{"start":{"line":161,"column":40},"end":{"line":161,"column":null}}],"line":161}},"s":{"0":1,"1":66,"2":66,"3":66,"4":66,"5":66,"6":66,"7":66,"8":2,"9":2,"10":2,"11":2,"12":2,"13":66,"14":39,"15":39,"16":39,"17":10,"18":10,"19":66,"20":17,"21":17,"22":4,"23":4,"24":4,"25":4,"26":0,"27":0,"28":0,"29":17,"30":66,"31":2,"32":2,"33":2,"34":2,"35":2,"36":66,"37":42,"38":39,"39":3,"40":2,"41":2,"42":2,"43":1,"44":0,"45":0,"46":0,"47":1,"48":1,"49":1,"50":0,"51":0,"52":66,"53":13,"54":11,"55":0,"56":13,"57":13,"58":13,"59":66,"60":39,"61":11,"62":1},"f":{"0":66,"1":2,"2":39,"3":17,"4":17,"5":2,"6":42,"7":2,"8":0,"9":13,"10":11,"11":13,"12":39,"13":11,"14":1},"b":{"0":[2,0],"1":[10,29],"2":[4,13],"3":[4,0],"4":[4,0],"5":[1,1],"6":[39,3],"7":[42,3],"8":[2,1],"9":[2,0],"10":[0,1],"11":[0,0],"12":[1,0],"13":[1,1],"14":[0,0],"15":[0,11],"16":[11,11],"17":[6,60],"18":[3,63],"19":[66,6,6],"20":[2,9],"21":[5,6],"22":[66,64],"23":[2,64]},"meta":{"lastBranch":24,"lastFunction":15,"lastStatement":63,"seen":{"s:17:18:166:Infinity":0,"f:17:18:17:19":0,"s:19:22:19:Infinity":1,"s:20:36:20:Infinity":2,"s:21:44:21:Infinity":3,"s:22:40:22:Infinity":4,"s:23:8:23:Infinity":5,"s:26:8:26:Infinity":6,"s:29:23:36:Infinity":7,"f:29:23:29:24":1,"s:30:4:30:Infinity":8,"b:31:4:35:Infinity:undefined:undefined:undefined:undefined":0,"s:31:4:35:Infinity":9,"s:32:6:32:Infinity":10,"s:33:6:33:Infinity":11,"s:34:6:34:Infinity":12,"s:39:28:48:Infinity":13,"f:39:28:39:29":2,"s:40:4:40:Infinity":14,"s:41:4:41:Infinity":15,"b:44:4:47:Infinity:undefined:undefined:undefined:undefined":1,"s:44:4:47:Infinity":16,"s:45:6:45:Infinity":17,"s:46:6:46:Infinity":18,"s:51:2:67:Infinity":19,"f:51:12:51:18":3,"s:52:29:64:Infinity":20,"f:52:29:52:41":4,"b:53:6:63:Infinity:undefined:undefined:undefined:undefined":2,"s:53:6:63:Infinity":21,"s:54:8:62:Infinity":22,"s:55:26:55:Infinity":23,"s:56:10:56:Infinity":24,"b:56:25:56:36:56:36:56:38":3,"s:57:10:57:Infinity":25,"b:57:30:57:41:57:41:57:45":4,"s:59:10:59:Infinity":26,"s:60:10:60:Infinity":27,"s:61:10:61:Infinity":28,"s:66:4:66:Infinity":29,"s:70:32:78:Infinity":30,"f:70:32:70:33":5,"s:71:21:73:Infinity":31,"b:72:8:72:Infinity:73:8:73:Infinity":5,"s:74:4:74:Infinity":32,"s:75:4:75:Infinity":33,"s:76:4:76:Infinity":34,"s:77:4:77:Infinity":35,"s:81:24:96:Infinity":36,"f:81:24:81:25":6,"b:82:4:82:Infinity:undefined:undefined:undefined:undefined":6,"s:82:4:82:Infinity":37,"b:82:8:82:28:82:28:82:54":7,"s:82:54:82:Infinity":38,"b:84:4:95:Infinity:87:4:95:Infinity":8,"s:84:4:95:Infinity":39,"s:85:6:85:Infinity":40,"s:86:6:86:Infinity":41,"f:86:23:86:24":7,"s:86:34:86:82":42,"b:86:66:86:77:86:77:86:82":9,"b:87:4:95:Infinity:90:4:95:Infinity":10,"s:87:4:95:Infinity":43,"s:88:6:88:Infinity":44,"s:89:6:89:Infinity":45,"f:89:23:89:24":8,"s:89:34:89:59":46,"b:89:45:89:56:89:56:89:59":11,"b:90:4:95:Infinity:93:4:95:Infinity":12,"s:90:4:95:Infinity":47,"b:90:15:90:36:90:36:90:56":13,"s:91:6:91:Infinity":48,"s:92:6:92:Infinity":49,"b:93:4:95:Infinity:undefined:undefined:undefined:undefined":14,"s:93:4:95:Infinity":50,"s:94:6:94:Infinity":51,"s:99:2:108:Infinity":52,"f:99:12:99:18":9,"s:100:31:104:Infinity":53,"f:100:31:100:32":10,"b:101:6:103:Infinity:undefined:undefined:undefined:undefined":15,"s:101:6:103:Infinity":54,"b:101:10:101:31:101:31:101:82":16,"s:102:8:102:Infinity":55,"s:106:4:106:Infinity":56,"s:107:4:107:Infinity":57,"f:107:11:107:17":11,"s:107:17:107:Infinity":58,"s:110:2:164:Infinity":59,"f:117:22:117:23":12,"s:117:29:117:Infinity":60,"b:125:45:125:66:125:66:125:Infinity":17,"b:127:56:127:88:127:88:127:Infinity":18,"b:129:11:129:30:129:30:129:Infinity:130:12:152:Infinity":19,"f:136:31:136:32":13,"s:137:16:150:Infinity":61,"b:140:74:140:87:140:87:140:89":20,"f:141:27:141:33":14,"s:141:33:141:Infinity":62,"b:147:40:147:66:147:66:147:Infinity":21,"b:157:20:157:33:157:33:157:Infinity":22,"b:161:23:161:40:161:40:161:Infinity":23}}}
,"C:\\Users\\Hasin\\Desktop\\typescript-app\\src\\components\\TemperatureToggle.css": {"path":"C:\\Users\\Hasin\\Desktop\\typescript-app\\src\\components\\TemperatureToggle.css","statementMap":{},"fnMap":{},"branchMap":{},"s":{},"f":{},"b":{},"meta":{"lastBranch":0,"lastFunction":0,"lastStatement":0,"seen":{}}}
,"C:\\Users\\Hasin\\Desktop\\typescript-app\\src\\components\\TemperatureToggle.tsx": {"path":"C:\\Users\\Hasin\\Desktop\\typescript-app\\src\\components\\TemperatureToggle.tsx","statementMap":{"0":{"start":{"line":13,"column":26},"end":{"line":36,"column":null}},"1":{"start":{"line":14,"column":2},"end":{"line":34,"column":null}},"2":{"start":{"line":18,"column":23},"end":{"line":18,"column":null}},"3":{"start":{"line":27,"column":23},"end":{"line":27,"column":null}}},"fnMap":{"0":{"name":"(anonymous_0)","decl":{"start":{"line":13,"column":26},"end":{"line":13,"column":27}},"loc":{"start":{"line":13,"column":74},"end":{"line":36,"column":null}},"line":13},"1":{"name":"(anonymous_1)","decl":{"start":{"line":18,"column":17},"end":{"line":18,"column":23}},"loc":{"start":{"line":18,"column":23},"end":{"line":18,"column":null}},"line":18},"2":{"name":"(anonymous_2)","decl":{"start":{"line":27,"column":17},"end":{"line":27,"column":23}},"loc":{"start":{"line":27,"column":23},"end":{"line":27,"column":null}},"line":27}},"branchMap":{"0":{"loc":{"start":{"line":17,"column":36},"end":{"line":17,"column":64}},"type":"cond-expr","locations":[{"start":{"line":17,"column":51},"end":{"line":17,"column":62}},{"start":{"line":17,"column":62},"end":{"line":17,"column":64}}],"line":17},"1":{"loc":{"start":{"line":26,"column":36},"end":{"line":26,"column":64}},"type":"cond-expr","locations":[{"start":{"line":26,"column":51},"end":{"line":26,"column":62}},{"start":{"line":26,"column":62},"end":{"line":26,"column":64}}],"line":26}},"s":{"0":1,"1":5,"2":1,"3":1},"f":{"0":5,"1":1,"2":1},"b":{"0":[3,2],"1":[2,3]},"meta":{"lastBranch":2,"lastFunction":3,"lastStatement":4,"seen":{"s:13:26:36:Infinity":0,"f:13:26:13:27":0,"s:14:2:34:Infinity":1,"b:17:51:17:62:17:62:17:64":0,"f:18:17:18:23":1,"s:18:23:18:Infinity":2,"b:26:51:26:62:26:62:26:64":1,"f:27:17:27:23":2,"s:27:23:27:Infinity":3}}}
,"C:\\Users\\Hasin\\Desktop\\typescript-app\\src\\components\\WeatherAlert.css": {"path":"C:\\Users\\Hasin\\Desktop\\typescript-app\\src\\components\\WeatherAlert.css","statementMap":{},"fnMap":{},"branchMap":{},"s":{},"f":{},"b":{},"meta":{"lastBranch":0,"lastFunction":0,"lastStatement":0,"seen":{}}}
,"C:\\Users\\Hasin\\Desktop\\typescript-app\\src\\components\\WeatherAlert.tsx": {"path":"C:\\Users\\Hasin\\Desktop\\typescript-app\\src\\components\\WeatherAlert.tsx","statementMap":{"0":{"start":{"line":14,"column":21},"end":{"line":58,"column":null}},"1":{"start":{"line":16,"column":21},"end":{"line":43,"column":null}},"2":{"start":{"line":17,"column":4},"end":{"line":42,"column":null}},"3":{"start":{"line":19,"column":8},"end":{"line":22,"column":null}},"4":{"start":{"line":25,"column":8},"end":{"line":28,"column":null}},"5":{"start":{"line":31,"column":8},"end":{"line":34,"column":null}},"6":{"start":{"line":37,"column":8},"end":{"line":40,"column":null}},"7":{"start":{"line":45,"column":2},"end":{"line":56,"column":null}}},"fnMap":{"0":{"name":"(anonymous_0)","decl":{"start":{"line":14,"column":21},"end":{"line":14,"column":22}},"loc":{"start":{"line":14,"column":73},"end":{"line":58,"column":null}},"line":14},"1":{"name":"(anonymous_1)","decl":{"start":{"line":16,"column":21},"end":{"line":16,"column":27}},"loc":{"start":{"line":16,"column":27},"end":{"line":43,"column":null}},"line":16}},"branchMap":{"0":{"loc":{"start":{"line":17,"column":4},"end":{"line":42,"column":null}},"type":"switch","locations":[{"start":{"line":18,"column":6},"end":{"line":22,"column":null}},{"start":{"line":24,"column":6},"end":{"line":28,"column":null}},{"start":{"line":30,"column":6},"end":{"line":34,"column":null}},{"start":{"line":36,"column":6},"end":{"line":40,"column":null}}],"line":17},"1":{"loc":{"start":{"line":51,"column":7},"end":{"line":54,"column":null}},"type":"binary-expr","locations":[{"start":{"line":51,"column":7},"end":{"line":51,"column":null}},{"start":{"line":52,"column":8},"end":{"line":54,"column":null}}],"line":51}},"s":{"0":1,"1":3,"2":3,"3":2,"4":1,"5":0,"6":0,"7":3},"f":{"0":3,"1":3},"b":{"0":[2,1,0,0],"1":[3,3]},"meta":{"lastBranch":2,"lastFunction":2,"lastStatement":8,"seen":{"s:14:21:58:Infinity":0,"f:14:21:14:22":0,"s:16:21:43:Infinity":1,"f:16:21:16:27":1,"b:18:6:22:Infinity:24:6:28:Infinity:30:6:34:Infinity:36:6:40:Infinity":0,"s:17:4:42:Infinity":2,"s:19:8:22:Infinity":3,"s:25:8:28:Infinity":4,"s:31:8:34:Infinity":5,"s:37:8:40:Infinity":6,"s:45:2:56:Infinity":7,"b:51:7:51:Infinity:52:8:54:Infinity":1}}}
,"C:\\Users\\Hasin\\Desktop\\typescript-app\\src\\components\\WeatherCard.css": {"path":"C:\\Users\\Hasin\\Desktop\\typescript-app\\src\\components\\WeatherCard.css","statementMap":{},"fnMap":{},"branchMap":{},"s":{},"f":{},"b":{},"meta":{"lastBranch":0,"lastFunction":0,"lastStatement":0,"seen":{}}}
,"C:\\Users\\Hasin\\Desktop\\typescript-app\\src\\components\\WeatherCard.tsx": {"path":"C:\\Users\\Hasin\\Desktop\\typescript-app\\src\\components\\WeatherCard.tsx","statementMap":{"0":{"start":{"line":24,"column":20},"end":{"line":128,"column":null}},"1":{"start":{"line":26,"column":18},"end":{"line":26,"column":null}},"2":{"start":{"line":29,"column":8},"end":{"line":33,"column":null}},"3":{"start":{"line":36,"column":23},"end":{"line":41,"column":null}},"4":{"start":{"line":37,"column":18},"end":{"line":37,"column":null}},"5":{"start":{"line":38,"column":4},"end":{"line":38,"column":null}},"6":{"start":{"line":38,"column":37},"end":{"line":38,"column":null}},"7":{"start":{"line":39,"column":4},"end":{"line":39,"column":null}},"8":{"start":{"line":39,"column":38},"end":{"line":39,"column":null}},"9":{"start":{"line":40,"column":4},"end":{"line":40,"column":null}},"10":{"start":{"line":43,"column":2},"end":{"line":126,"column":null}}},"fnMap":{"0":{"name":"(anonymous_0)","decl":{"start":{"line":24,"column":20},"end":{"line":24,"column":21}},"loc":{"start":{"line":24,"column":71},"end":{"line":128,"column":null}},"line":24},"1":{"name":"(anonymous_1)","decl":{"start":{"line":36,"column":23},"end":{"line":36,"column":29}},"loc":{"start":{"line":36,"column":29},"end":{"line":41,"column":null}},"line":36}},"branchMap":{"0":{"loc":{"start":{"line":24,"column":32},"end":{"line":24,"column":47}},"type":"default-arg","locations":[{"start":{"line":24,"column":43},"end":{"line":24,"column":47}}],"line":24},"1":{"loc":{"start":{"line":38,"column":4},"end":{"line":38,"column":null}},"type":"if","locations":[{"start":{"line":38,"column":4},"end":{"line":38,"column":null}},{"start":{},"end":{}}],"line":38},"2":{"loc":{"start":{"line":39,"column":4},"end":{"line":39,"column":null}},"type":"if","locations":[{"start":{"line":39,"column":4},"end":{"line":39,"column":null}},{"start":{},"end":{}}],"line":39},"3":{"loc":{"start":{"line":46,"column":7},"end":{"line":51,"column":null}},"type":"binary-expr","locations":[{"start":{"line":46,"column":7},"end":{"line":46,"column":null}},{"start":{"line":47,"column":8},"end":{"line":51,"column":null}}],"line":46}},"s":{"0":1,"1":14,"2":14,"3":14,"4":14,"5":14,"6":2,"7":14,"8":1,"9":14,"10":14},"f":{"0":14,"1":14},"b":{"0":[14],"1":[2,12],"2":[1,13],"3":[14,3]},"meta":{"lastBranch":4,"lastFunction":2,"lastStatement":11,"seen":{"s:24:20:128:Infinity":0,"f:24:20:24:21":0,"b:24:43:24:47":0,"s:26:18:26:Infinity":1,"s:29:8:33:Infinity":2,"s:36:23:41:Infinity":3,"f:36:23:36:29":1,"s:37:18:37:Infinity":4,"b:38:4:38:Infinity:undefined:undefined:undefined:undefined":1,"s:38:4:38:Infinity":5,"s:38:37:38:Infinity":6,"b:39:4:39:Infinity:undefined:undefined:undefined:undefined":2,"s:39:4:39:Infinity":7,"s:39:38:39:Infinity":8,"s:40:4:40:Infinity":9,"s:43:2:126:Infinity":10,"b:46:7:46:Infinity:47:8:51:Infinity":3}}}
,"C:\\Users\\Hasin\\Desktop\\typescript-app\\src\\hooks\\useTemperatureUnit.ts": {"path":"C:\\Users\\Hasin\\Desktop\\typescript-app\\src\\hooks\\useTemperatureUnit.ts","statementMap":{"0":{"start":{"line":10,"column":34},"end":{"line":29,"column":null}},"1":{"start":{"line":12,"column":27},"end":{"line":15,"column":null}},"2":{"start":{"line":13,"column":18},"end":{"line":13,"column":null}},"3":{"start":{"line":14,"column":4},"end":{"line":14,"column":null}},"4":{"start":{"line":17,"column":30},"end":{"line":17,"column":null}},"5":{"start":{"line":20,"column":25},"end":{"line":23,"column":null}},"6":{"start":{"line":21,"column":4},"end":{"line":21,"column":null}},"7":{"start":{"line":22,"column":4},"end":{"line":22,"column":null}},"8":{"start":{"line":25,"column":2},"end":{"line":28,"column":null}}},"fnMap":{"0":{"name":"(anonymous_0)","decl":{"start":{"line":10,"column":34},"end":{"line":10,"column":40}},"loc":{"start":{"line":10,"column":40},"end":{"line":29,"column":null}},"line":10},"1":{"name":"(anonymous_1)","decl":{"start":{"line":12,"column":27},"end":{"line":12,"column":50}},"loc":{"start":{"line":12,"column":50},"end":{"line":15,"column":null}},"line":12},"2":{"name":"(anonymous_2)","decl":{"start":{"line":20,"column":25},"end":{"line":20,"column":26}},"loc":{"start":{"line":20,"column":52},"end":{"line":23,"column":null}},"line":20}},"branchMap":{"0":{"loc":{"start":{"line":14,"column":11},"end":{"line":14,"column":null}},"type":"cond-expr","locations":[{"start":{"line":14,"column":44},"end":{"line":14,"column":52}},{"start":{"line":14,"column":52},"end":{"line":14,"column":null}}],"line":14},"1":{"loc":{"start":{"line":14,"column":11},"end":{"line":14,"column":44}},"type":"binary-expr","locations":[{"start":{"line":14,"column":11},"end":{"line":14,"column":28}},{"start":{"line":14,"column":28},"end":{"line":14,"column":44}}],"line":14}},"s":{"0":1,"1":7,"2":7,"3":7,"4":7,"5":7,"6":3,"7":3,"8":7},"f":{"0":7,"1":7,"2":3},"b":{"0":[4,3],"1":[7,4]},"meta":{"lastBranch":2,"lastFunction":3,"lastStatement":9,"seen":{"s:10:34:29:Infinity":0,"f:10:34:10:40":0,"s:12:27:15:Infinity":1,"f:12:27:12:50":1,"s:13:18:13:Infinity":2,"s:14:4:14:Infinity":3,"b:14:44:14:52:14:52:14:Infinity":0,"b:14:11:14:28:14:28:14:44":1,"s:17:30:17:Infinity":4,"s:20:25:23:Infinity":5,"f:20:25:20:26":2,"s:21:4:21:Infinity":6,"s:22:4:22:Infinity":7,"s:25:2:28:Infinity":8}}}
,"C:\\Users\\Hasin\\Desktop\\typescript-app\\src\\types\\weather.ts": {"path":"C:\\Users\\Hasin\\Desktop\\typescript-app\\src\\types\\weather.ts","statementMap":{"0":{"start":{"line":77,"column":32},"end":{"line":84,"column":null}},"1":{"start":{"line":99,"column":4},"end":{"line":99,"column":null}},"2":{"start":{"line":100,"column":4},"end":{"line":100,"column":null}},"3":{"start":{"line":101,"column":4},"end":{"line":101,"column":null}},"4":{"start":{"line":102,"column":4},"end":{"line":102,"column":null}},"5":{"start":{"line":103,"column":4},"end":{"line":103,"column":null}}},"fnMap":{"0":{"name":"(anonymous_0)","decl":{"start":{"line":93,"column":2},"end":{"line":93,"column":null}},"loc":{"start":{"line":98,"column":4},"end":{"line":104,"column":null}},"line":98}},"branchMap":{"0":{"loc":{"start":{"line":96,"column":4},"end":{"line":96,"column":null}},"type":"default-arg","locations":[{"start":{"line":96,"column":25},"end":{"line":96,"column":null}}],"line":96}},"s":{"0":1,"1":6,"2":6,"3":6,"4":6,"5":6},"f":{"0":6},"b":{"0":[6]},"meta":{"lastBranch":1,"lastFunction":1,"lastStatement":6,"seen":{"s:77:32:84:Infinity":0,"f:93:2:93:Infinity":0,"b:96:25:96:Infinity":0,"s:99:4:99:Infinity":1,"s:100:4:100:Infinity":2,"s:101:4:101:Infinity":3,"s:102:4:102:Infinity":4,"s:103:4:103:Infinity":5}}}
,"C:\\Users\\Hasin\\Desktop\\typescript-app\\src\\utils\\errorUtils.ts": {"path":"C:\\Users\\Hasin\\Desktop\\typescript-app\\src\\utils\\errorUtils.ts","statementMap":{"0":{"start":{"line":12,"column":2},"end":{"line":14,"column":null}},"1":{"start":{"line":13,"column":4},"end":{"line":13,"column":null}},"2":{"start":{"line":16,"column":2},"end":{"line":18,"column":null}},"3":{"start":{"line":17,"column":4},"end":{"line":17,"column":null}},"4":{"start":{"line":20,"column":2},"end":{"line":20,"column":null}},"5":{"start":{"line":27,"column":2},"end":{"line":29,"column":null}},"6":{"start":{"line":28,"column":4},"end":{"line":28,"column":null}},"7":{"start":{"line":30,"column":2},"end":{"line":30,"column":null}},"8":{"start":{"line":37,"column":2},"end":{"line":39,"column":null}},"9":{"start":{"line":38,"column":4},"end":{"line":38,"column":null}},"10":{"start":{"line":40,"column":2},"end":{"line":40,"column":null}},"11":{"start":{"line":47,"column":2},"end":{"line":49,"column":null}},"12":{"start":{"line":48,"column":4},"end":{"line":48,"column":null}},"13":{"start":{"line":50,"column":2},"end":{"line":50,"column":null}}},"fnMap":{"0":{"name":"getErrorMessage","decl":{"start":{"line":11,"column":16},"end":{"line":11,"column":32}},"loc":{"start":{"line":11,"column":56},"end":{"line":21,"column":null}},"line":11},"1":{"name":"isRetryableError","decl":{"start":{"line":26,"column":16},"end":{"line":26,"column":33}},"loc":{"start":{"line":26,"column":58},"end":{"line":31,"column":null}},"line":26},"2":{"name":"getErrorType","decl":{"start":{"line":36,"column":16},"end":{"line":36,"column":29}},"loc":{"start":{"line":36,"column":53},"end":{"line":41,"column":null}},"line":36},"3":{"name":"isErrorType","decl":{"start":{"line":46,"column":16},"end":{"line":46,"column":28}},"loc":{"start":{"line":46,"column":67},"end":{"line":51,"column":null}},"line":46}},"branchMap":{"0":{"loc":{"start":{"line":12,"column":2},"end":{"line":14,"column":null}},"type":"if","locations":[{"start":{"line":12,"column":2},"end":{"line":14,"column":null}},{"start":{},"end":{}}],"line":12},"1":{"loc":{"start":{"line":16,"column":2},"end":{"line":18,"column":null}},"type":"if","locations":[{"start":{"line":16,"column":2},"end":{"line":18,"column":null}},{"start":{},"end":{}}],"line":16},"2":{"loc":{"start":{"line":27,"column":2},"end":{"line":29,"column":null}},"type":"if","locations":[{"start":{"line":27,"column":2},"end":{"line":29,"column":null}},{"start":{},"end":{}}],"line":27},"3":{"loc":{"start":{"line":37,"column":2},"end":{"line":39,"column":null}},"type":"if","locations":[{"start":{"line":37,"column":2},"end":{"line":39,"column":null}},{"start":{},"end":{}}],"line":37},"4":{"loc":{"start":{"line":47,"column":2},"end":{"line":49,"column":null}},"type":"if","locations":[{"start":{"line":47,"column":2},"end":{"line":49,"column":null}},{"start":{},"end":{}}],"line":47}},"s":{"0":5,"1":1,"2":4,"3":1,"4":3,"5":4,"6":2,"7":2,"8":3,"9":1,"10":2,"11":4,"12":2,"13":2},"f":{"0":5,"1":4,"2":3,"3":4},"b":{"0":[1,4],"1":[1,3],"2":[2,2],"3":[1,2],"4":[2,2]},"meta":{"lastBranch":5,"lastFunction":4,"lastStatement":14,"seen":{"f:11:16:11:32":0,"b:12:2:14:Infinity:undefined:undefined:undefined:undefined":0,"s:12:2:14:Infinity":0,"s:13:4:13:Infinity":1,"b:16:2:18:Infinity:undefined:undefined:undefined:undefined":1,"s:16:2:18:Infinity":2,"s:17:4:17:Infinity":3,"s:20:2:20:Infinity":4,"f:26:16:26:33":1,"b:27:2:29:Infinity:undefined:undefined:undefined:undefined":2,"s:27:2:29:Infinity":5,"s:28:4:28:Infinity":6,"s:30:2:30:Infinity":7,"f:36:16:36:29":2,"b:37:2:39:Infinity:undefined:undefined:undefined:undefined":3,"s:37:2:39:Infinity":8,"s:38:4:38:Infinity":9,"s:40:2:40:Infinity":10,"f:46:16:46:28":3,"b:47:2:49:Infinity:undefined:undefined:undefined:undefined":4,"s:47:2:49:Infinity":11,"s:48:4:48:Infinity":12,"s:50:2:50:Infinity":13}}}
,"C:\\Users\\Hasin\\Desktop\\typescript-app\\src\\utils\\helpers.ts": {"path":"C:\\Users\\Hasin\\Desktop\\typescript-app\\src\\utils\\helpers.ts","statementMap":{"0":{"start":{"line":7,"column":31},"end":{"line":14,"column":null}},"1":{"start":{"line":8,"column":15},"end":{"line":8,"column":null}},"2":{"start":{"line":9,"column":2},"end":{"line":13,"column":null}},"3":{"start":{"line":17,"column":35},"end":{"line":19,"column":null}},"4":{"start":{"line":18,"column":2},"end":{"line":18,"column":null}},"5":{"start":{"line":22,"column":33},"end":{"line":25,"column":null}},"6":{"start":{"line":23,"column":15},"end":{"line":23,"column":null}},"7":{"start":{"line":24,"column":2},"end":{"line":24,"column":null}},"8":{"start":{"line":28,"column":31},"end":{"line":33,"column":null}},"9":{"start":{"line":29,"column":2},"end":{"line":32,"column":null}},"10":{"start":{"line":31,"column":17},"end":{"line":31,"column":61}},"11":{"start":{"line":36,"column":23},"end":{"line":38,"column":null}},"12":{"start":{"line":37,"column":2},"end":{"line":37,"column":null}},"13":{"start":{"line":41,"column":32},"end":{"line":45,"column":null}},"14":{"start":{"line":42,"column":21},"end":{"line":42,"column":null}},"15":{"start":{"line":43,"column":16},"end":{"line":43,"column":null}},"16":{"start":{"line":44,"column":2},"end":{"line":44,"column":null}},"17":{"start":{"line":48,"column":31},"end":{"line":58,"column":null}},"18":{"start":{"line":51,"column":2},"end":{"line":56,"column":null}},"19":{"start":{"line":61,"column":34},"end":{"line":95,"column":2}},"20":{"start":{"line":66,"column":2},"end":{"line":77,"column":null}},"21":{"start":{"line":67,"column":4},"end":{"line":69,"column":null}},"22":{"start":{"line":68,"column":6},"end":{"line":68,"column":null}},"23":{"start":{"line":70,"column":4},"end":{"line":72,"column":null}},"24":{"start":{"line":71,"column":6},"end":{"line":71,"column":null}},"25":{"start":{"line":73,"column":4},"end":{"line":75,"column":null}},"26":{"start":{"line":74,"column":6},"end":{"line":74,"column":null}},"27":{"start":{"line":76,"column":4},"end":{"line":76,"column":null}},"28":{"start":{"line":80,"column":2},"end":{"line":82,"column":null}},"29":{"start":{"line":81,"column":4},"end":{"line":81,"column":null}},"30":{"start":{"line":85,"column":2},"end":{"line":87,"column":null}},"31":{"start":{"line":86,"column":4},"end":{"line":86,"column":null}},"32":{"start":{"line":90,"column":2},"end":{"line":92,"column":null}},"33":{"start":{"line":91,"column":4},"end":{"line":91,"column":null}},"34":{"start":{"line":94,"column":2},"end":{"line":94,"column":null}}},"fnMap":{"0":{"name":"(anonymous_0)","decl":{"start":{"line":7,"column":31},"end":{"line":7,"column":32}},"loc":{"start":{"line":7,"column":62},"end":{"line":14,"column":null}},"line":7},"1":{"name":"(anonymous_1)","decl":{"start":{"line":17,"column":35},"end":{"line":17,"column":36}},"loc":{"start":{"line":17,"column":64},"end":{"line":19,"column":null}},"line":17},"2":{"name":"(anonymous_2)","decl":{"start":{"line":22,"column":33},"end":{"line":22,"column":34}},"loc":{"start":{"line":22,"column":89},"end":{"line":25,"column":null}},"line":22},"3":{"name":"(anonymous_3)","decl":{"start":{"line":28,"column":31},"end":{"line":28,"column":32}},"loc":{"start":{"line":28,"column":56},"end":{"line":33,"column":null}},"line":28},"4":{"name":"(anonymous_4)","decl":{"start":{"line":31,"column":9},"end":{"line":31,"column":17}},"loc":{"start":{"line":31,"column":17},"end":{"line":31,"column":61}},"line":31},"5":{"name":"(anonymous_5)","decl":{"start":{"line":36,"column":23},"end":{"line":36,"column":24}},"loc":{"start":{"line":36,"column":52},"end":{"line":38,"column":null}},"line":36},"6":{"name":"(anonymous_6)","decl":{"start":{"line":41,"column":32},"end":{"line":41,"column":33}},"loc":{"start":{"line":41,"column":61},"end":{"line":45,"column":null}},"line":41},"7":{"name":"(anonymous_7)","decl":{"start":{"line":48,"column":31},"end":{"line":48,"column":32}},"loc":{"start":{"line":48,"column":63},"end":{"line":58,"column":null}},"line":48},"8":{"name":"(anonymous_8)","decl":{"start":{"line":61,"column":34},"end":{"line":61,"column":35}},"loc":{"start":{"line":64,"column":5},"end":{"line":95,"column":2}},"line":64}},"branchMap":{"0":{"loc":{"start":{"line":22,"column":55},"end":{"line":22,"column":89}},"type":"default-arg","locations":[{"start":{"line":22,"column":73},"end":{"line":22,"column":89}}],"line":22},"1":{"loc":{"start":{"line":23,"column":15},"end":{"line":23,"column":null}},"type":"cond-expr","locations":[{"start":{"line":23,"column":30},"end":{"line":23,"column":65}},{"start":{"line":23,"column":65},"end":{"line":23,"column":null}}],"line":23},"2":{"loc":{"start":{"line":52,"column":5},"end":{"line":56,"column":null}},"type":"binary-expr","locations":[{"start":{"line":52,"column":5},"end":{"line":52,"column":25}},{"start":{"line":52,"column":25},"end":{"line":52,"column":null}},{"start":{"line":53,"column":4},"end":{"line":53,"column":25}},{"start":{"line":53,"column":25},"end":{"line":53,"column":46}},{"start":{"line":53,"column":46},"end":{"line":53,"column":null}},{"start":{"line":54,"column":4},"end":{"line":54,"column":null}},{"start":{"line":55,"column":5},"end":{"line":55,"column":25}},{"start":{"line":55,"column":25},"end":{"line":55,"column":null}},{"start":{"line":56,"column":4},"end":{"line":56,"column":null}}],"line":52},"3":{"loc":{"start":{"line":66,"column":2},"end":{"line":77,"column":null}},"type":"if","locations":[{"start":{"line":66,"column":2},"end":{"line":77,"column":null}},{"start":{},"end":{}}],"line":66},"4":{"loc":{"start":{"line":67,"column":4},"end":{"line":69,"column":null}},"type":"if","locations":[{"start":{"line":67,"column":4},"end":{"line":69,"column":null}},{"start":{},"end":{}}],"line":67},"5":{"loc":{"start":{"line":67,"column":8},"end":{"line":67,"column":45}},"type":"binary-expr","locations":[{"start":{"line":67,"column":8},"end":{"line":67,"column":28}},{"start":{"line":67,"column":28},"end":{"line":67,"column":45}}],"line":67},"6":{"loc":{"start":{"line":70,"column":4},"end":{"line":72,"column":null}},"type":"if","locations":[{"start":{"line":70,"column":4},"end":{"line":72,"column":null}},{"start":{},"end":{}}],"line":70},"7":{"loc":{"start":{"line":73,"column":4},"end":{"line":75,"column":null}},"type":"if","locations":[{"start":{"line":73,"column":4},"end":{"line":75,"column":null}},{"start":{},"end":{}}],"line":73},"8":{"loc":{"start":{"line":80,"column":2},"end":{"line":82,"column":null}},"type":"if","locations":[{"start":{"line":80,"column":2},"end":{"line":82,"column":null}},{"start":{},"end":{}}],"line":80},"9":{"loc":{"start":{"line":85,"column":2},"end":{"line":87,"column":null}},"type":"if","locations":[{"start":{"line":85,"column":2},"end":{"line":87,"column":null}},{"start":{},"end":{}}],"line":85},"10":{"loc":{"start":{"line":90,"column":2},"end":{"line":92,"column":null}},"type":"if","locations":[{"start":{"line":90,"column":2},"end":{"line":92,"column":null}},{"start":{},"end":{}}],"line":90},"11":{"loc":{"start":{"line":90,"column":7},"end":{"line":90,"column":86}},"type":"binary-expr","locations":[{"start":{"line":90,"column":7},"end":{"line":90,"column":27}},{"start":{"line":90,"column":27},"end":{"line":90,"column":48}},{"start":{"line":90,"column":48},"end":{"line":90,"column":68}},{"start":{"line":90,"column":68},"end":{"line":90,"column":86}}],"line":90}},"s":{"0":4,"1":29,"2":29,"3":4,"4":14,"5":4,"6":83,"7":83,"8":4,"9":44,"10":82,"11":4,"12":17,"13":4,"14":20,"15":20,"16":20,"17":4,"18":28,"19":4,"20":20,"21":4,"22":3,"23":1,"24":1,"25":0,"26":0,"27":0,"28":16,"29":2,"30":14,"31":1,"32":13,"33":1,"34":12},"f":{"0":29,"1":14,"2":83,"3":44,"4":82,"5":17,"6":20,"7":28,"8":20},"b":{"0":[83],"1":[10,73],"2":[28,28,23,22,21,21,20,18,20],"3":[4,16],"4":[3,1],"5":[4,4],"6":[1,0],"7":[0,0],"8":[2,14],"9":[1,13],"10":[1,12],"11":[13,13,12,12]},"meta":{"lastBranch":12,"lastFunction":9,"lastStatement":35,"seen":{"s:7:31:14:Infinity":0,"f:7:31:7:32":0,"s:8:15:8:Infinity":1,"s:9:2:13:Infinity":2,"s:17:35:19:Infinity":3,"f:17:35:17:36":1,"s:18:2:18:Infinity":4,"s:22:33:25:Infinity":5,"f:22:33:22:34":2,"b:22:73:22:89":0,"s:23:15:23:Infinity":6,"b:23:30:23:65:23:65:23:Infinity":1,"s:24:2:24:Infinity":7,"s:28:31:33:Infinity":8,"f:28:31:28:32":3,"s:29:2:32:Infinity":9,"f:31:9:31:17":4,"s:31:17:31:61":10,"s:36:23:38:Infinity":11,"f:36:23:36:24":5,"s:37:2:37:Infinity":12,"s:41:32:45:Infinity":13,"f:41:32:41:33":6,"s:42:21:42:Infinity":14,"s:43:16:43:Infinity":15,"s:44:2:44:Infinity":16,"s:48:31:58:Infinity":17,"f:48:31:48:32":7,"s:51:2:56:Infinity":18,"b:52:5:52:25:52:25:52:Infinity:53:4:53:25:53:25:53:46:53:46:53:Infinity:54:4:54:Infinity:55:5:55:25:55:25:55:Infinity:56:4:56:Infinity":2,"s:61:34:95:2":19,"f:61:34:61:35":8,"b:66:2:77:Infinity:undefined:undefined:undefined:undefined":3,"s:66:2:77:Infinity":20,"b:67:4:69:Infinity:undefined:undefined:undefined:undefined":4,"s:67:4:69:Infinity":21,"b:67:8:67:28:67:28:67:45":5,"s:68:6:68:Infinity":22,"b:70:4:72:Infinity:undefined:undefined:undefined:undefined":6,"s:70:4:72:Infinity":23,"s:71:6:71:Infinity":24,"b:73:4:75:Infinity:undefined:undefined:undefined:undefined":7,"s:73:4:75:Infinity":25,"s:74:6:74:Infinity":26,"s:76:4:76:Infinity":27,"b:80:2:82:Infinity:undefined:undefined:undefined:undefined":8,"s:80:2:82:Infinity":28,"s:81:4:81:Infinity":29,"b:85:2:87:Infinity:undefined:undefined:undefined:undefined":9,"s:85:2:87:Infinity":30,"s:86:4:86:Infinity":31,"b:90:2:92:Infinity:undefined:undefined:undefined:undefined":10,"s:90:2:92:Infinity":32,"b:90:7:90:27:90:27:90:48:90:48:90:68:90:68:90:86":11,"s:91:4:91:Infinity":33,"s:94:2:94:Infinity":34}}}
,"C:\\Users\\Hasin\\Desktop\\typescript-app\\src\\utils\\useDebounce.ts": {"path":"C:\\Users\\Hasin\\Desktop\\typescript-app\\src\\utils\\useDebounce.ts","statementMap":{"0":{"start":{"line":9,"column":42},"end":{"line":9,"column":null}},"1":{"start":{"line":11,"column":2},"end":{"line":21,"column":null}},"2":{"start":{"line":13,"column":20},"end":{"line":15,"column":null}},"3":{"start":{"line":14,"column":6},"end":{"line":14,"column":null}},"4":{"start":{"line":18,"column":4},"end":{"line":20,"column":null}},"5":{"start":{"line":19,"column":6},"end":{"line":19,"column":null}},"6":{"start":{"line":23,"column":2},"end":{"line":23,"column":null}}},"fnMap":{"0":{"name":"useDebounce","decl":{"start":{"line":8,"column":16},"end":{"line":8,"column":31}},"loc":{"start":{"line":8,"column":65},"end":{"line":24,"column":null}},"line":8},"1":{"name":"(anonymous_1)","decl":{"start":{"line":11,"column":12},"end":{"line":11,"column":18}},"loc":{"start":{"line":11,"column":18},"end":{"line":21,"column":5}},"line":11},"2":{"name":"(anonymous_2)","decl":{"start":{"line":13,"column":31},"end":{"line":13,"column":37}},"loc":{"start":{"line":13,"column":37},"end":{"line":15,"column":7}},"line":13},"3":{"name":"(anonymous_3)","decl":{"start":{"line":18,"column":11},"end":{"line":18,"column":17}},"loc":{"start":{"line":18,"column":17},"end":{"line":20,"column":null}},"line":18}},"branchMap":{"0":{"loc":{"start":{"line":8,"column":41},"end":{"line":8,"column":65}},"type":"default-arg","locations":[{"start":{"line":8,"column":57},"end":{"line":8,"column":65}}],"line":8}},"s":{"0":81,"1":81,"2":65,"3":8,"4":65,"5":65,"6":81},"f":{"0":81,"1":65,"2":8,"3":65},"b":{"0":[81]},"meta":{"lastBranch":1,"lastFunction":4,"lastStatement":7,"seen":{"f:8:16:8:31":0,"b:8:57:8:65":0,"s:9:42:9:Infinity":0,"s:11:2:21:Infinity":1,"f:11:12:11:18":1,"s:13:20:15:Infinity":2,"f:13:31:13:37":2,"s:14:6:14:Infinity":3,"s:18:4:20:Infinity":4,"f:18:11:18:17":3,"s:19:6:19:Infinity":5,"s:23:2:23:Infinity":6}}}
}
